<?xml version="1.0" encoding="UTF-8"?>
<testsuite name="pruebas para diligenciar formularios durante diez ciclos" tests="1" skipped="0" failures="0" errors="0" timestamp="2024-02-03T18:24:35" hostname="EXTIMO" time="29.227">
  <properties/>
  <testcase name="Diligenciar formularios durante diez ciclos" classname="pruebas para diligenciar formularios durante diez ciclos" time="29.227"/>
  <system-out><![CDATA[Felicidades, has terminado la prueba exitosamente
Felicidades, has terminado la prueba exitosamente
]]></system-out>
  <system-err><![CDATA[[Test worker] INFO io.cucumber.core.plugin.SerenityReporter - Running feature from file:///C:/Users/Chris/OneDrive/Documentos/Proyectos%20Automatizacion/reto.tecnico.formularios/src/test/resources/features/validacion_formularios.feature
[Test worker] INFO  - 
  _____   ___   ___   _____     ___   _____     _     ___   _____   ___   ___  
 |_   _| | __| / __| |_   _|   / __| |_   _|   /_\   | _ \ |_   _| | __| |   \ 
   | |   | _|  \__ \   | |     \__ \   | |    / _ \  |   /   | |   | _|  | |) |
   |_|   |___| |___/   |_|     |___/   |_|   /_/ \_\ |_|_\   |_|   |___| |___/ 

Diligenciar formularios durante diez ciclos(pruebas-para-diligenciar-formularios-durante-diez-ciclos;diligenciar-formularios-durante-diez-ciclos)
--------------------------------------------------------------------------------
[Test worker] INFO net.serenitybdd.core.webdriver.driverproviders.ChromeDriverProvider - Using automatically driver download
[Test worker] INFO io.github.bonigarcia.wdm.WebDriverManager - Using chromedriver 121.0.6167.85 (resolved driver for Chrome 121)
[Test worker] INFO io.github.bonigarcia.wdm.WebDriverManager - Exporting webdriver.chrome.driver as C:\Users\Chris\.cache\selenium\chromedriver\win64\121.0.6167.85\chromedriver.exe
[Test worker] INFO net.serenitybdd.core.webdriver.driverproviders.ProvideNewDriver - Instantiating driver
[Test worker] INFO net.serenitybdd.core.webdriver.driverproviders.ProvideNewDriver - Driver capabilities: Capabilities {acceptInsecureCerts: false, browserName: chrome, chrome.driver: chromedriver.exe, driver: chrome, goog:chromeOptions: {args: [-no-sandbox, -laging=es, -disable-download-notification, -start-maximized, -test-type, -ignore-certificate-errors, -allow-running-insecure-con..., -disable-translate, -always-authorize-plugins, -incognito, --disable-dev-shm-usage --r...], extensions: []}, loggingPrefs: org.openqa.selenium.logging..., timeouts.implicitlywait: 10000, wait.for.timeout: 10000}
Starting ChromeDriver 121.0.6167.85 (3f98d690ad7e59242ef110144c757b2ac4eef1a2-refs/branch-heads/6167@{#1539}) on port 64118
Only local connections are allowed.
Please see https://chromedriver.chromium.org/security-considerations for suggestions on keeping ChromeDriver safe.
ChromeDriver was started successfully.
feb 03, 2024 1:24:38 PM org.openqa.selenium.remote.ProtocolHandshake createSession
INFORMACIÓN: Detected dialect: W3C
feb 03, 2024 1:24:38 PM org.openqa.selenium.devtools.CdpVersionFinder findNearestMatch
ADVERTENCIA: Unable to find an exact match for CDP version 121, so returning the closest version found: a no-op implementation
feb 03, 2024 1:24:38 PM org.openqa.selenium.devtools.CdpVersionFinder findNearestMatch
INFORMACIÓN: Unable to find CDP implementation matching 121.
feb 03, 2024 1:24:38 PM org.openqa.selenium.chromium.ChromiumDriver lambda$new$3
ADVERTENCIA: Unable to find version of CDP to use for . You may need to include a dependency on a specific version of the CDP using something similar to `org.seleniumhq.selenium:selenium-devtools-v86:4.0.0` where the version ("v86") matches the version of the chromium-based browser you're using and the version number of the artifact is the same as Selenium's.
[Test worker] INFO  - 
  _____   ___   ___   _____     ___     _     ___   ___   ___   ___  
 |_   _| | __| / __| |_   _|   | _ \   /_\   / __| / __| | __| |   \ 
   | |   | _|  \__ \   | |     |  _/  / _ \  \__ \ \__ \ | _|  | |) |
   |_|   |___| |___/   |_|     |_|   /_/ \_\ |___/ |___/ |___| |___/ 

Diligenciar formularios durante diez ciclos
----------------------------------------------------------------------
]]></system-err>
</testsuite>
